<?xml version="1.0" encoding="UTF-8"?>
<!-- Generated by org.testng.reporters.JUnitReportReporter -->
<testsuite skipped="0" hostname="all-PC" name="com.nxt.selenium.demo" tests="1" failures="0" timestamp="10 Sep 2018 05:45:55 GMT" time="0.016" errors="0">
  <testcase name="print" time="0.016" classname="com.nxt.selenium.demo"/>
</testsuite> <!-- com.nxt.selenium.demo -->
